<?xml version="1.0" encoding="UTF-8"?>
<!-- Generated by org.testng.reporters.JUnitReportReporter -->
<testsuite hostname="DESKTOP-8IN91JR" failures="0" tests="1" name="testNGscripts.GooglePageTest" time="9.543" errors="0" timestamp="2023-10-09T09:55:03 IST" skipped="0">
  <testcase classname="testNGscripts.GooglePageTest" name="javaSearchTest" time="9.543"/>
</testsuite> <!-- testNGscripts.GooglePageTest -->
