<?xml version="1.0" encoding="UTF-8"?>
<!-- Generated by org.testng.reporters.JUnitReportReporter -->
<testsuite hostname="DESKTOP-8IN91JR" failures="0" tests="6" name="parallelScripts.SampleThreeTest" time="0.049" errors="0" timestamp="2023-10-09T12:51:51 IST" skipped="0">
  <testcase classname="parallelScripts.SampleThreeTest" name="testFour" time="0.002"/>
  <testcase classname="parallelScripts.SampleThreeTest" name="testFour" time="0.002"/>
  <testcase classname="parallelScripts.SampleThreeTest" name="testFour" time="0.001"/>
  <testcase classname="parallelScripts.SampleThreeTest" name="testFour" time="0.021"/>
  <testcase classname="parallelScripts.SampleThreeTest" name="testFour" time="0.021"/>
  <testcase classname="parallelScripts.SampleThreeTest" name="testFour" time="0.002"/>
</testsuite> <!-- parallelScripts.SampleThreeTest -->
