<?xml version="1.0" encoding="UTF-8"?>
<!-- Generated by org.testng.reporters.JUnitReportReporter -->
<testsuite hostname="DESKTOP-8IN91JR" failures="0" tests="1" name="testScripts.LoginTestUsingTestNG" time="12.547" errors="0" timestamp="2023-10-09T13:16:06 IST" skipped="0">
  <testcase classname="testScripts.LoginTestUsingTestNG" name="validLoginTest" time="12.547"/>
</testsuite> <!-- testScripts.LoginTestUsingTestNG -->
