<?xml version="1.0" encoding="UTF-8"?>
<!-- Generated by org.testng.reporters.JUnitReportReporter -->
<testsuite hostname="DESKTOP-8IN91JR" failures="0" tests="4" name="testNGscripts.GooglePageTest" time="22.271" errors="0" timestamp="2023-10-09T12:31:36 IST" skipped="0">
  <testcase classname="testNGscripts.GooglePageTest" name="PythonTest" time="5.266"/>
  <testcase classname="testNGscripts.GooglePageTest" name="javaSearchTest" time="4.991"/>
  <testcase classname="testNGscripts.GooglePageTest" name="AppiumTest" time="8.212"/>
  <testcase classname="testNGscripts.GooglePageTest" name="CypressTest" time="3.802"/>
</testsuite> <!-- testNGscripts.GooglePageTest -->
