<?xml version="1.0" encoding="UTF-8"?>
<!-- Generated by org.testng.reporters.JUnitReportReporter -->
<testsuite hostname="DESKTOP-8IN91JR" failures="0" tests="4" name="testNGscripts.GooglePageTest" time="22.057" errors="0" timestamp="2023-10-10T10:10:32 IST" skipped="0">
  <testcase classname="testNGscripts.GooglePageTest" name="AppiumTest" time="6.934"/>
  <testcase classname="testNGscripts.GooglePageTest" name="PythonTest" time="5.628"/>
  <testcase classname="testNGscripts.GooglePageTest" name="CypressTest" time="5.305"/>
  <testcase classname="testNGscripts.GooglePageTest" name="javaSearchTest" time="4.190"/>
</testsuite> <!-- testNGscripts.GooglePageTest -->
